  Determining projects to restore...
  Restored C:\Users\provu\Desktop\StudentManagement system\StudentManagement\StudentManagement.csproj (in 396 ms).
C:\Users\provu\Desktop\StudentManagement system\StudentManagement\Components\Layout\MainLayout.razor(85,14): warning CS8602: Dereference of a possibly null reference. [C:\Users\provu\Desktop\StudentManagement system\StudentManagement\StudentManagement.csproj]
C:\Users\provu\Desktop\StudentManagement system\StudentManagement\Components\Pages\Profile.razor(105,14): warning CS8602: Dereference of a possibly null reference. [C:\Users\provu\Desktop\StudentManagement system\StudentManagement\StudentManagement.csproj]
C:\Users\provu\Desktop\StudentManagement system\StudentManagement\Components\Shared\GradeFormDialog.razor(31,10): warning CS0649: Field 'GradeFormDialog.success' is never assigned to, and will always have its default value false [C:\Users\provu\Desktop\StudentManagement system\StudentManagement\StudentManagement.csproj]
C:\Users\provu\Desktop\StudentManagement system\StudentManagement\Components\Shared\ClassSectionFormDialog.razor(74,10): warning CS0649: Field 'ClassSectionFormDialog.success' is never assigned to, and will always have its default value false [C:\Users\provu\Desktop\StudentManagement system\StudentManagement\StudentManagement.csproj]
C:\Users\provu\Desktop\StudentManagement system\StudentManagement\Components\Shared\SubjectFormDialog.razor(24,10): warning CS0649: Field 'SubjectFormDialog.success' is never assigned to, and will always have its default value false [C:\Users\provu\Desktop\StudentManagement system\StudentManagement\StudentManagement.csproj]
C:\Users\provu\Desktop\StudentManagement system\StudentManagement\Components\Shared\TaskFormDialog.razor(32,10): warning CS0649: Field 'TaskFormDialog.success' is never assigned to, and will always have its default value false [C:\Users\provu\Desktop\StudentManagement system\StudentManagement\StudentManagement.csproj]
C:\Users\provu\Desktop\StudentManagement system\StudentManagement\Components\Shared\UserFormDialog.razor(38,10): warning CS0649: Field 'UserFormDialog.success' is never assigned to, and will always have its default value false [C:\Users\provu\Desktop\StudentManagement system\StudentManagement\StudentManagement.csproj]
C:\Users\provu\Desktop\StudentManagement system\StudentManagement\Components\Shared\StudentFormDialog.razor(48,10): warning CS0649: Field 'StudentFormDialog.success' is never assigned to, and will always have its default value false [C:\Users\provu\Desktop\StudentManagement system\StudentManagement\StudentManagement.csproj]
C:\Users\provu\Desktop\StudentManagement system\StudentManagement\Components\Shared\EnrollmentFormDialog.razor(50,10): warning CS0649: Field 'EnrollmentFormDialog.success' is never assigned to, and will always have its default value false [C:\Users\provu\Desktop\StudentManagement system\StudentManagement\StudentManagement.csproj]
C:\Users\provu\Desktop\StudentManagement system\StudentManagement\Components\Shared\TeacherFormDialog.razor(27,10): warning CS0649: Field 'TeacherFormDialog.success' is never assigned to, and will always have its default value false [C:\Users\provu\Desktop\StudentManagement system\StudentManagement\StudentManagement.csproj]
C:\Users\provu\Desktop\StudentManagement system\StudentManagement\Components\Shared\StudentEnrollmentDialog.razor(30,10): warning CS0649: Field 'StudentEnrollmentDialog.success' is never assigned to, and will always have its default value false [C:\Users\provu\Desktop\StudentManagement system\StudentManagement\StudentManagement.csproj]
C:\Users\provu\Desktop\StudentManagement system\StudentManagement\Components\Shared\AttendanceDialog.razor(35,10): warning CS0649: Field 'AttendanceDialog.success' is never assigned to, and will always have its default value false [C:\Users\provu\Desktop\StudentManagement system\StudentManagement\StudentManagement.csproj]
C:\Users\provu\Desktop\StudentManagement system\StudentManagement\Components\Pages\TaskManagement.razor(1,1): warning MUD0002: Illegal Attribute 'PanelClass' on 'MudTabs' using pattern 'LowerCase' source location '(534,16)-(534,74)' (https://mudblazor.com/features/analyzers) [C:\Users\provu\Desktop\StudentManagement system\StudentManagement\StudentManagement.csproj]
C:\Users\provu\Desktop\StudentManagement system\StudentManagement\Components\Pages\TaskManagement.razor(1,1): warning MUD0002: Illegal Attribute 'Title' on 'MudIconButton' using pattern 'LowerCase' source location '(843,32)-(843,92)' (https://mudblazor.com/features/analyzers) [C:\Users\provu\Desktop\StudentManagement system\StudentManagement\StudentManagement.csproj]
  StudentManagement -> C:\Users\provu\Desktop\StudentManagement system\StudentManagement\bin\Debug\net9.0\StudentManagement.dll

Build succeeded.

C:\Users\provu\Desktop\StudentManagement system\StudentManagement\Components\Layout\MainLayout.razor(85,14): warning CS8602: Dereference of a possibly null reference. [C:\Users\provu\Desktop\StudentManagement system\StudentManagement\StudentManagement.csproj]
C:\Users\provu\Desktop\StudentManagement system\StudentManagement\Components\Pages\Profile.razor(105,14): warning CS8602: Dereference of a possibly null reference. [C:\Users\provu\Desktop\StudentManagement system\StudentManagement\StudentManagement.csproj]
C:\Users\provu\Desktop\StudentManagement system\StudentManagement\Components\Shared\GradeFormDialog.razor(31,10): warning CS0649: Field 'GradeFormDialog.success' is never assigned to, and will always have its default value false [C:\Users\provu\Desktop\StudentManagement system\StudentManagement\StudentManagement.csproj]
C:\Users\provu\Desktop\StudentManagement system\StudentManagement\Components\Shared\ClassSectionFormDialog.razor(74,10): warning CS0649: Field 'ClassSectionFormDialog.success' is never assigned to, and will always have its default value false [C:\Users\provu\Desktop\StudentManagement system\StudentManagement\StudentManagement.csproj]
C:\Users\provu\Desktop\StudentManagement system\StudentManagement\Components\Shared\SubjectFormDialog.razor(24,10): warning CS0649: Field 'SubjectFormDialog.success' is never assigned to, and will always have its default value false [C:\Users\provu\Desktop\StudentManagement system\StudentManagement\StudentManagement.csproj]
C:\Users\provu\Desktop\StudentManagement system\StudentManagement\Components\Shared\TaskFormDialog.razor(32,10): warning CS0649: Field 'TaskFormDialog.success' is never assigned to, and will always have its default value false [C:\Users\provu\Desktop\StudentManagement system\StudentManagement\StudentManagement.csproj]
C:\Users\provu\Desktop\StudentManagement system\StudentManagement\Components\Shared\UserFormDialog.razor(38,10): warning CS0649: Field 'UserFormDialog.success' is never assigned to, and will always have its default value false [C:\Users\provu\Desktop\StudentManagement system\StudentManagement\StudentManagement.csproj]
C:\Users\provu\Desktop\StudentManagement system\StudentManagement\Components\Shared\StudentFormDialog.razor(48,10): warning CS0649: Field 'StudentFormDialog.success' is never assigned to, and will always have its default value false [C:\Users\provu\Desktop\StudentManagement system\StudentManagement\StudentManagement.csproj]
C:\Users\provu\Desktop\StudentManagement system\StudentManagement\Components\Shared\EnrollmentFormDialog.razor(50,10): warning CS0649: Field 'EnrollmentFormDialog.success' is never assigned to, and will always have its default value false [C:\Users\provu\Desktop\StudentManagement system\StudentManagement\StudentManagement.csproj]
C:\Users\provu\Desktop\StudentManagement system\StudentManagement\Components\Shared\TeacherFormDialog.razor(27,10): warning CS0649: Field 'TeacherFormDialog.success' is never assigned to, and will always have its default value false [C:\Users\provu\Desktop\StudentManagement system\StudentManagement\StudentManagement.csproj]
C:\Users\provu\Desktop\StudentManagement system\StudentManagement\Components\Shared\StudentEnrollmentDialog.razor(30,10): warning CS0649: Field 'StudentEnrollmentDialog.success' is never assigned to, and will always have its default value false [C:\Users\provu\Desktop\StudentManagement system\StudentManagement\StudentManagement.csproj]
C:\Users\provu\Desktop\StudentManagement system\StudentManagement\Components\Shared\AttendanceDialog.razor(35,10): warning CS0649: Field 'AttendanceDialog.success' is never assigned to, and will always have its default value false [C:\Users\provu\Desktop\StudentManagement system\StudentManagement\StudentManagement.csproj]
C:\Users\provu\Desktop\StudentManagement system\StudentManagement\Components\Pages\TaskManagement.razor(1,1): warning MUD0002: Illegal Attribute 'PanelClass' on 'MudTabs' using pattern 'LowerCase' source location '(534,16)-(534,74)' (https://mudblazor.com/features/analyzers) [C:\Users\provu\Desktop\StudentManagement system\StudentManagement\StudentManagement.csproj]
C:\Users\provu\Desktop\StudentManagement system\StudentManagement\Components\Pages\TaskManagement.razor(1,1): warning MUD0002: Illegal Attribute 'Title' on 'MudIconButton' using pattern 'LowerCase' source location '(843,32)-(843,92)' (https://mudblazor.com/features/analyzers) [C:\Users\provu\Desktop\StudentManagement system\StudentManagement\StudentManagement.csproj]
    14 Warning(s)
    0 Error(s)

Time Elapsed 00:00:06.10
